<?xml version="1.0" encoding="UTF-8"?>
<testsuite name="au.com.dius.pactworkshop.provider.ProductPactProviderTest" tests="2" skipped="0" failures="0" errors="0" timestamp="2022-03-04T10:09:03" hostname="BCN-CLI-P156" time="1.08">
  <properties/>
  <testcase name="consumer-api-prods - get product with ID 17044002" classname="au.com.dius.pactworkshop.provider.ProductPactProviderTest" time="1.06"/>
  <testcase name="consumer-api-prods - get product with ID 99044002" classname="au.com.dius.pactworkshop.provider.ProductPactProviderTest" time="0.015"/>
  <system-out><![CDATA[11:08:55.682 [Test worker] DEBUG org.springframework.test.context.BootstrapUtils - Instantiating CacheAwareContextLoaderDelegate from class [org.springframework.test.context.cache.DefaultCacheAwareContextLoaderDelegate]
11:08:55.702 [Test worker] DEBUG org.springframework.test.context.BootstrapUtils - Instantiating BootstrapContext using constructor [public org.springframework.test.context.support.DefaultBootstrapContext(java.lang.Class,org.springframework.test.context.CacheAwareContextLoaderDelegate)]
11:08:55.740 [Test worker] DEBUG org.springframework.test.context.BootstrapUtils - Instantiating TestContextBootstrapper for test class [au.com.dius.pactworkshop.provider.ProductPactProviderTest] from class [org.springframework.boot.test.context.SpringBootTestContextBootstrapper]
11:08:55.763 [Test worker] INFO org.springframework.boot.test.context.SpringBootTestContextBootstrapper - Neither @ContextConfiguration nor @ContextHierarchy found for test class [au.com.dius.pactworkshop.provider.ProductPactProviderTest], using SpringBootContextLoader
11:08:55.769 [Test worker] DEBUG org.springframework.test.context.support.AbstractContextLoader - Did not detect default resource location for test class [au.com.dius.pactworkshop.provider.ProductPactProviderTest]: class path resource [au/com/dius/pactworkshop/provider/ProductPactProviderTest-context.xml] does not exist
11:08:55.770 [Test worker] DEBUG org.springframework.test.context.support.AbstractContextLoader - Did not detect default resource location for test class [au.com.dius.pactworkshop.provider.ProductPactProviderTest]: class path resource [au/com/dius/pactworkshop/provider/ProductPactProviderTestContext.groovy] does not exist
11:08:55.770 [Test worker] INFO org.springframework.test.context.support.AbstractContextLoader - Could not detect default resource locations for test class [au.com.dius.pactworkshop.provider.ProductPactProviderTest]: no resource found for suffixes {-context.xml, Context.groovy}.
11:08:55.771 [Test worker] INFO org.springframework.test.context.support.AnnotationConfigContextLoaderUtils - Could not detect default configuration classes for test class [au.com.dius.pactworkshop.provider.ProductPactProviderTest]: ProductPactProviderTest does not declare any static, non-private, non-final, nested classes annotated with @Configuration.
11:08:55.830 [Test worker] DEBUG org.springframework.test.context.support.ActiveProfilesUtils - Could not find an 'annotation declaring class' for annotation type [org.springframework.test.context.ActiveProfiles] and class [au.com.dius.pactworkshop.provider.ProductPactProviderTest]
11:08:55.943 [Test worker] DEBUG org.springframework.context.annotation.ClassPathScanningCandidateComponentProvider - Identified candidate component class: file [C:\Users\jorge.muñoz\git\mango-contract-test-example\provider\build\classes\java\main\au\com\dius\pactworkshop\provider\ProviderApplication.class]
11:08:55.945 [Test worker] INFO org.springframework.boot.test.context.SpringBootTestContextBootstrapper - Found @SpringBootConfiguration au.com.dius.pactworkshop.provider.ProviderApplication for test class au.com.dius.pactworkshop.provider.ProductPactProviderTest
11:08:56.083 [Test worker] DEBUG org.springframework.boot.test.context.SpringBootTestContextBootstrapper - @TestExecutionListeners is not present for class [au.com.dius.pactworkshop.provider.ProductPactProviderTest]: using defaults.
11:08:56.084 [Test worker] INFO org.springframework.boot.test.context.SpringBootTestContextBootstrapper - Loaded default TestExecutionListener class names from location [META-INF/spring.factories]: [org.springframework.boot.test.autoconfigure.restdocs.RestDocsTestExecutionListener, org.springframework.boot.test.autoconfigure.web.client.MockRestServiceServerResetTestExecutionListener, org.springframework.boot.test.autoconfigure.web.servlet.MockMvcPrintOnlyOnFailureTestExecutionListener, org.springframework.boot.test.autoconfigure.web.servlet.WebDriverTestExecutionListener, org.springframework.boot.test.autoconfigure.webservices.client.MockWebServiceServerTestExecutionListener, org.springframework.boot.test.mock.mockito.MockitoTestExecutionListener, org.springframework.boot.test.mock.mockito.ResetMocksTestExecutionListener, org.springframework.test.context.web.ServletTestExecutionListener, org.springframework.test.context.support.DirtiesContextBeforeModesTestExecutionListener, org.springframework.test.context.support.DependencyInjectionTestExecutionListener, org.springframework.test.context.support.DirtiesContextTestExecutionListener, org.springframework.test.context.transaction.TransactionalTestExecutionListener, org.springframework.test.context.jdbc.SqlScriptsTestExecutionListener, org.springframework.test.context.event.EventPublishingTestExecutionListener]
11:08:56.100 [Test worker] DEBUG org.springframework.boot.test.context.SpringBootTestContextBootstrapper - Skipping candidate TestExecutionListener [org.springframework.test.context.transaction.TransactionalTestExecutionListener] due to a missing dependency. Specify custom listener classes or make the default listener classes and their required dependencies available. Offending class: [org/springframework/transaction/interceptor/TransactionAttributeSource]
11:08:56.101 [Test worker] DEBUG org.springframework.boot.test.context.SpringBootTestContextBootstrapper - Skipping candidate TestExecutionListener [org.springframework.test.context.jdbc.SqlScriptsTestExecutionListener] due to a missing dependency. Specify custom listener classes or make the default listener classes and their required dependencies available. Offending class: [org/springframework/transaction/interceptor/TransactionAttribute]
11:08:56.101 [Test worker] INFO org.springframework.boot.test.context.SpringBootTestContextBootstrapper - Using TestExecutionListeners: [org.springframework.test.context.web.ServletTestExecutionListener@78df7d4b, org.springframework.test.context.support.DirtiesContextBeforeModesTestExecutionListener@236b40be, org.springframework.boot.test.mock.mockito.MockitoTestExecutionListener@2afb6d7d, org.springframework.boot.test.autoconfigure.SpringBootDependencyInjectionTestExecutionListener@29433035, org.springframework.test.context.support.DirtiesContextTestExecutionListener@2a752573, org.springframework.test.context.event.EventPublishingTestExecutionListener@5362fe33, org.springframework.boot.test.autoconfigure.restdocs.RestDocsTestExecutionListener@2203e1a7, org.springframework.boot.test.autoconfigure.web.client.MockRestServiceServerResetTestExecutionListener@12f1af4a, org.springframework.boot.test.autoconfigure.web.servlet.MockMvcPrintOnlyOnFailureTestExecutionListener@112c5eda, org.springframework.boot.test.autoconfigure.web.servlet.WebDriverTestExecutionListener@55fba9aa, org.springframework.boot.test.autoconfigure.webservices.client.MockWebServiceServerTestExecutionListener@6848746b, org.springframework.boot.test.mock.mockito.ResetMocksTestExecutionListener@77dc1dd7]
11:08:56.107 [Test worker] DEBUG org.springframework.test.context.support.AbstractDirtiesContextTestExecutionListener - Before test class: context [DefaultTestContext@b101695 testClass = ProductPactProviderTest, testInstance = [null], testMethod = [null], testException = [null], mergedContextConfiguration = [WebMergedContextConfiguration@1bff4a73 testClass = ProductPactProviderTest, locations = '{}', classes = '{class au.com.dius.pactworkshop.provider.ProviderApplication}', contextInitializerClasses = '[]', activeProfiles = '{}', propertySourceLocations = '{}', propertySourceProperties = '{org.springframework.boot.test.context.SpringBootTestContextBootstrapper=true, server.port=0}', contextCustomizers = set[org.springframework.boot.test.autoconfigure.properties.PropertyMappingContextCustomizer@0, org.springframework.boot.test.autoconfigure.web.servlet.WebDriverContextCustomizerFactory$Customizer@7f444b83, org.springframework.boot.test.context.filter.ExcludeFilterContextCustomizer@38f76b2f, org.springframework.boot.test.json.DuplicateJsonObjectContextCustomizerFactory$DuplicateJsonObjectContextCustomizer@5f5f4421, org.springframework.boot.test.mock.mockito.MockitoContextCustomizer@0, org.springframework.boot.test.web.client.TestRestTemplateContextCustomizer@3d9bdf98, org.springframework.boot.test.context.SpringBootTestArgs@1], resourceBasePath = 'src/main/webapp', contextLoader = 'org.springframework.boot.test.context.SpringBootContextLoader', parent = [null]], attributes = map['org.springframework.test.context.web.ServletTestExecutionListener.activateListener' -> false]], class annotated with @DirtiesContext [false] with mode [null].
11:08:56.126 [Test worker] DEBUG au.com.dius.pact.provider.junit5.PactVerificationInvocationContextProvider - provideTestTemplateInvocationContexts called
11:08:56.134 [Test worker] DEBUG au.com.dius.pact.provider.junit5.PactVerificationInvocationContextProvider - Verifying pacts for provider 'api-prods' and consumer 'null'
11:08:56.134 [Test worker] DEBUG au.com.dius.pact.provider.junit5.PactVerificationInvocationContextProvider - Pact source on test class: null
11:08:56.567 [Test worker] DEBUG au.com.dius.pact.provider.junit5.PactVerificationInvocationContextProvider - Pact loaders on test class: [@au.com.dius.pact.provider.junitsupport.loader.PactBroker(scheme=${pactbroker.scheme:http}, port=80, valueResolver=class au.com.dius.pact.core.support.expressions.SystemPropertyResolver, enablePendingPacts=${pactbroker.enablePending:false}, host=pact-broker.mangodev.net, includeWipPactsSince=${pactbroker.includeWipPactsSince:}, consumers=[${pactbroker.consumers:}], consumerVersionSelectors=[@au.com.dius.pact.provider.junitsupport.loader.VersionSelector(latest=${pactbroker.consumerversionselectors.latest:}, tag=${pactbroker.consumerversionselectors.tags:})], providerTags=[${pactbroker.providerTags:}], authentication=@au.com.dius.pact.provider.junitsupport.loader.PactBrokerAuth(password=${pactbroker.auth.password:}, token=${pactbroker.auth.token:}, username=${pactbroker.auth.username:}), tags=[${pactbroker.tags:}])]
11:08:56.587 [Test worker] DEBUG au.com.dius.pact.provider.junitsupport.loader.PactBrokerLoader - Loading pacts from pact broker for provider api-prods and consumer version selectors []
11:08:56.590 [Test worker] DEBUG au.com.dius.pact.provider.junitsupport.loader.PactBrokerLoader - Authentication: None
11:08:56.599 [Test worker] DEBUG au.com.dius.pact.core.pactbroker.HalClient - Fetching: /
11:08:57.877 [Test worker] DEBUG org.apache.http.client.protocol.RequestAddCookies - CookieSpec selected: default
11:08:57.888 [Test worker] DEBUG org.apache.http.client.protocol.RequestAuthCache - Auth cache not set in the context
11:08:57.889 [Test worker] DEBUG org.apache.http.impl.conn.PoolingHttpClientConnectionManager - Connection request: [route: {}->http://pact-broker.mangodev.net:80][total available: 0; route allocated: 0 of 5; total allocated: 0 of 10]
11:08:57.905 [Test worker] DEBUG org.apache.http.impl.conn.PoolingHttpClientConnectionManager - Connection leased: [id: 0][route: {}->http://pact-broker.mangodev.net:80][total available: 0; route allocated: 1 of 5; total allocated: 1 of 10]
11:08:57.907 [Test worker] DEBUG org.apache.http.impl.execchain.MainClientExec - Opening connection {}->http://pact-broker.mangodev.net:80
11:08:57.973 [Test worker] DEBUG org.apache.http.impl.conn.DefaultHttpClientConnectionOperator - Connecting to pact-broker.mangodev.net/52.212.94.60:80
11:08:58.022 [Test worker] DEBUG org.apache.http.impl.conn.DefaultHttpClientConnectionOperator - Connection established 172.28.8.85:26318<->52.212.94.60:80
11:08:58.022 [Test worker] DEBUG org.apache.http.impl.execchain.MainClientExec - Executing request GET / HTTP/1.1
11:08:58.023 [Test worker] DEBUG org.apache.http.impl.execchain.MainClientExec - Target auth state: UNCHALLENGED
11:08:58.023 [Test worker] DEBUG org.apache.http.impl.execchain.MainClientExec - Proxy auth state: UNCHALLENGED
11:08:58.025 [Test worker] DEBUG org.apache.http.headers - http-outgoing-0 >> GET / HTTP/1.1
11:08:58.026 [Test worker] DEBUG org.apache.http.headers - http-outgoing-0 >> Content-Type: application/json
11:08:58.026 [Test worker] DEBUG org.apache.http.headers - http-outgoing-0 >> Accept: application/hal+json, application/json
11:08:58.026 [Test worker] DEBUG org.apache.http.headers - http-outgoing-0 >> Host: pact-broker.mangodev.net:80
11:08:58.026 [Test worker] DEBUG org.apache.http.headers - http-outgoing-0 >> Connection: Keep-Alive
11:08:58.026 [Test worker] DEBUG org.apache.http.headers - http-outgoing-0 >> User-Agent: Apache-HttpClient/4.5.12 (Java/1.8.0_171)
11:08:58.026 [Test worker] DEBUG org.apache.http.headers - http-outgoing-0 >> Accept-Encoding: gzip,deflate
11:08:58.026 [Test worker] DEBUG org.apache.http.wire - http-outgoing-0 >> "GET / HTTP/1.1[\r][\n]"
11:08:58.026 [Test worker] DEBUG org.apache.http.wire - http-outgoing-0 >> "Content-Type: application/json[\r][\n]"
11:08:58.026 [Test worker] DEBUG org.apache.http.wire - http-outgoing-0 >> "Accept: application/hal+json, application/json[\r][\n]"
11:08:58.026 [Test worker] DEBUG org.apache.http.wire - http-outgoing-0 >> "Host: pact-broker.mangodev.net:80[\r][\n]"
11:08:58.026 [Test worker] DEBUG org.apache.http.wire - http-outgoing-0 >> "Connection: Keep-Alive[\r][\n]"
11:08:58.026 [Test worker] DEBUG org.apache.http.wire - http-outgoing-0 >> "User-Agent: Apache-HttpClient/4.5.12 (Java/1.8.0_171)[\r][\n]"
11:08:58.026 [Test worker] DEBUG org.apache.http.wire - http-outgoing-0 >> "Accept-Encoding: gzip,deflate[\r][\n]"
11:08:58.026 [Test worker] DEBUG org.apache.http.wire - http-outgoing-0 >> "[\r][\n]"
11:08:58.078 [Test worker] DEBUG org.apache.http.wire - http-outgoing-0 << "HTTP/1.1 200 OK[\r][\n]"
11:08:58.078 [Test worker] DEBUG org.apache.http.wire - http-outgoing-0 << "Content-Type: application/hal+json;charset=utf-8[\r][\n]"
11:08:58.078 [Test worker] DEBUG org.apache.http.wire - http-outgoing-0 << "Date: Fri, 04 Mar 2022 10:08:58 GMT[\r][\n]"
11:08:58.078 [Test worker] DEBUG org.apache.http.wire - http-outgoing-0 << "Server: Webmachine-Ruby/1.5.0 Rack/1.3[\r][\n]"
11:08:58.078 [Test worker] DEBUG org.apache.http.wire - http-outgoing-0 << "Status: 200 OK[\r][\n]"
11:08:58.078 [Test worker] DEBUG org.apache.http.wire - http-outgoing-0 << "Vary: Accept[\r][\n]"
11:08:58.078 [Test worker] DEBUG org.apache.http.wire - http-outgoing-0 << "X-Content-Type-Options: nosniff[\r][\n]"
11:08:58.079 [Test worker] DEBUG org.apache.http.wire - http-outgoing-0 << "X-Pact-Broker-Version: 2.47.1[\r][\n]"
11:08:58.079 [Test worker] DEBUG org.apache.http.wire - http-outgoing-0 << "X-Powered-By: Phusion Passenger 6.0.4[\r][\n]"
11:08:58.079 [Test worker] DEBUG org.apache.http.wire - http-outgoing-0 << "Content-Length: 2983[\r][\n]"
11:08:58.079 [Test worker] DEBUG org.apache.http.wire - http-outgoing-0 << "Connection: keep-alive[\r][\n]"
11:08:58.079 [Test worker] DEBUG org.apache.http.wire - http-outgoing-0 << "[\r][\n]"
11:08:58.079 [Test worker] DEBUG org.apache.http.wire - http-outgoing-0 << "{"_links":{"self":{"href":"http://pact-broker.mangodev.net","title":"Index","templated":false},"pb:publish-pact":{"href":"http://pact-broker.mangodev.net/pacts/provider/{provider}/consumer/{consumer}/version/{consumerApplicationVersion}","title":"Publish a pact","templated":true},"pb:latest-pact-versions":{"href":"http://pact-broker.mangodev.net/pacts/latest","title":"Latest pact versions","templated":false},"pb:tagged-pact-versions":{"href":"http://pact-broker.mangodev.net/pacts/provider/{provider}/consumer/{consumer}/tag/{tag}","title":"All versions of a pact for a given consumer, provider and consumer version tag","templated":false},"pb:pacticipants":{"href":"http://pact-broker.mangodev.net/pacticipants","title":"Pacticipants","templated":false},"pb:pacticipant":{"href":"http://pact-broker.mangodev.net/pacticipants/{pacticipant}","title":"Fetch pacticipant by name","templated":true},"pb:latest-provider-pacts":{"href":"http://pact-broker.mangodev.net/pacts/provider/{provider}/latest","title":"Latest pacts by provider","templated":true},"pb:latest-provider-pacts-with-tag":{"href":"http://pact-broker.mangodev.net/pacts/provider/{provider}/latest/{tag}","title":"Latest pacts for provider with the specified tag","templated":true},"pb:provider-pacts-with-tag":{"href":"http://pact-broker.mangodev.net/pacts/provider/{provider}/tag/{tag}","title":"All pact versions for the provider with the specified consumer version tag","templated":true},"pb:provider-pacts":{"href":"http://pact-broker.mangodev.net/pacts/provider/{provider}","title":"All pact versions for the specified provider","templated":true},"pb:latest-version":{"href":"http://pact-broker.mangodev.net/pacticipants/{pacticipant}/latest-version","title":"Latest pacticipant version","templated":true},"pb:latest-tagged-version":{"href":"http://pact-broker.mangodev.net/pacticipants/{pacticipant}/latest-version/{tag}","title":"Latest pacticipant version with the specified tag","templated":true},"pb:webhooks":{"href":"http://pact-broker.mangodev.net/webhooks","title":"Webhooks","templated":false},"pb:integrations":{"href":"http://pact-broker.mangodev.net/integrations","title":"Integrations","templated":false},"pb:pacticipant-version-tag":{"href":"http://pact-broker.mangodev.net/pacticipants/{pacticipant}/versions/{version}/tags/{tag}","title":"Get, create or delete a tag for a pacticipant version","templated":true},"pb:metrics":{"href":"http://pact-broker.mangodev.net/metrics","title":"Get Pact Broker metrics"},"pb:can-i-deploy-pacticipant-version-to-tag":{"href":"http://pact-broker.mangodev.net/can-i-deploy?pacticipant={pacticipant}&version={version}&to={tag}","title":"Determine if an application can be safely deployed to an environment identified by the given tag","templated":true},"curies":[{"name":"pb","href":"http://pact-broker.mangodev.net/doc/{rel}?context=index","templated":true},{"name":"beta","href":"http://pact-broker.mangodev.net/doc/{rel}?context=index","templated":true}]}}"
11:08:58.082 [Test worker] DEBUG org.apache.http.headers - http-outgoing-0 << HTTP/1.1 200 OK
11:08:58.082 [Test worker] DEBUG org.apache.http.headers - http-outgoing-0 << Content-Type: application/hal+json;charset=utf-8
11:08:58.082 [Test worker] DEBUG org.apache.http.headers - http-outgoing-0 << Date: Fri, 04 Mar 2022 10:08:58 GMT
11:08:58.082 [Test worker] DEBUG org.apache.http.headers - http-outgoing-0 << Server: Webmachine-Ruby/1.5.0 Rack/1.3
11:08:58.082 [Test worker] DEBUG org.apache.http.headers - http-outgoing-0 << Status: 200 OK
11:08:58.082 [Test worker] DEBUG org.apache.http.headers - http-outgoing-0 << Vary: Accept
11:08:58.083 [Test worker] DEBUG org.apache.http.headers - http-outgoing-0 << X-Content-Type-Options: nosniff
11:08:58.083 [Test worker] DEBUG org.apache.http.headers - http-outgoing-0 << X-Pact-Broker-Version: 2.47.1
11:08:58.083 [Test worker] DEBUG org.apache.http.headers - http-outgoing-0 << X-Powered-By: Phusion Passenger 6.0.4
11:08:58.083 [Test worker] DEBUG org.apache.http.headers - http-outgoing-0 << Content-Length: 2983
11:08:58.083 [Test worker] DEBUG org.apache.http.headers - http-outgoing-0 << Connection: keep-alive
11:08:58.087 [Test worker] DEBUG org.apache.http.impl.execchain.MainClientExec - Connection can be kept alive indefinitely
11:08:58.095 [Test worker] DEBUG org.apache.http.impl.conn.PoolingHttpClientConnectionManager - Connection [id: 0][route: {}->http://pact-broker.mangodev.net:80] can be kept alive indefinitely
11:08:58.095 [Test worker] DEBUG org.apache.http.impl.conn.DefaultManagedHttpClientConnection - http-outgoing-0: set socket timeout to 0
11:08:58.095 [Test worker] DEBUG org.apache.http.impl.conn.PoolingHttpClientConnectionManager - Connection released: [id: 0][route: {}->http://pact-broker.mangodev.net:80][total available: 1; route allocated: 1 of 5; total allocated: 1 of 10]
11:08:58.108 [Test worker] DEBUG au.com.dius.pact.core.pactbroker.HalClient - Fetching: /
11:08:58.109 [Test worker] DEBUG org.apache.http.client.protocol.RequestAddCookies - CookieSpec selected: default
11:08:58.109 [Test worker] DEBUG org.apache.http.client.protocol.RequestAuthCache - Auth cache not set in the context
11:08:58.110 [Test worker] DEBUG org.apache.http.impl.conn.PoolingHttpClientConnectionManager - Connection request: [route: {}->http://pact-broker.mangodev.net:80][total available: 0; route allocated: 0 of 5; total allocated: 0 of 10]
11:08:58.110 [Test worker] DEBUG org.apache.http.impl.conn.PoolingHttpClientConnectionManager - Connection leased: [id: 1][route: {}->http://pact-broker.mangodev.net:80][total available: 0; route allocated: 1 of 5; total allocated: 1 of 10]
11:08:58.110 [Test worker] DEBUG org.apache.http.impl.execchain.MainClientExec - Opening connection {}->http://pact-broker.mangodev.net:80
11:08:58.110 [Test worker] DEBUG org.apache.http.impl.conn.DefaultHttpClientConnectionOperator - Connecting to pact-broker.mangodev.net/52.212.94.60:80
11:08:58.158 [Test worker] DEBUG org.apache.http.impl.conn.DefaultHttpClientConnectionOperator - Connection established 172.28.8.85:26319<->52.212.94.60:80
11:08:58.159 [Test worker] DEBUG org.apache.http.impl.execchain.MainClientExec - Executing request GET / HTTP/1.1
11:08:58.159 [Test worker] DEBUG org.apache.http.impl.execchain.MainClientExec - Target auth state: UNCHALLENGED
11:08:58.159 [Test worker] DEBUG org.apache.http.impl.execchain.MainClientExec - Proxy auth state: UNCHALLENGED
11:08:58.159 [Test worker] DEBUG org.apache.http.headers - http-outgoing-1 >> GET / HTTP/1.1
11:08:58.159 [Test worker] DEBUG org.apache.http.headers - http-outgoing-1 >> Content-Type: application/json
11:08:58.159 [Test worker] DEBUG org.apache.http.headers - http-outgoing-1 >> Accept: application/hal+json, application/json
11:08:58.159 [Test worker] DEBUG org.apache.http.headers - http-outgoing-1 >> Host: pact-broker.mangodev.net:80
11:08:58.159 [Test worker] DEBUG org.apache.http.headers - http-outgoing-1 >> Connection: Keep-Alive
11:08:58.159 [Test worker] DEBUG org.apache.http.headers - http-outgoing-1 >> User-Agent: Apache-HttpClient/4.5.12 (Java/1.8.0_171)
11:08:58.159 [Test worker] DEBUG org.apache.http.headers - http-outgoing-1 >> Accept-Encoding: gzip,deflate
11:08:58.159 [Test worker] DEBUG org.apache.http.wire - http-outgoing-1 >> "GET / HTTP/1.1[\r][\n]"
11:08:58.159 [Test worker] DEBUG org.apache.http.wire - http-outgoing-1 >> "Content-Type: application/json[\r][\n]"
11:08:58.159 [Test worker] DEBUG org.apache.http.wire - http-outgoing-1 >> "Accept: application/hal+json, application/json[\r][\n]"
11:08:58.159 [Test worker] DEBUG org.apache.http.wire - http-outgoing-1 >> "Host: pact-broker.mangodev.net:80[\r][\n]"
11:08:58.159 [Test worker] DEBUG org.apache.http.wire - http-outgoing-1 >> "Connection: Keep-Alive[\r][\n]"
11:08:58.160 [Test worker] DEBUG org.apache.http.wire - http-outgoing-1 >> "User-Agent: Apache-HttpClient/4.5.12 (Java/1.8.0_171)[\r][\n]"
11:08:58.160 [Test worker] DEBUG org.apache.http.wire - http-outgoing-1 >> "Accept-Encoding: gzip,deflate[\r][\n]"
11:08:58.160 [Test worker] DEBUG org.apache.http.wire - http-outgoing-1 >> "[\r][\n]"
11:08:58.209 [Test worker] DEBUG org.apache.http.wire - http-outgoing-1 << "HTTP/1.1 200 OK[\r][\n]"
11:08:58.209 [Test worker] DEBUG org.apache.http.wire - http-outgoing-1 << "Content-Type: application/hal+json;charset=utf-8[\r][\n]"
11:08:58.209 [Test worker] DEBUG org.apache.http.wire - http-outgoing-1 << "Date: Fri, 04 Mar 2022 10:08:58 GMT[\r][\n]"
11:08:58.209 [Test worker] DEBUG org.apache.http.wire - http-outgoing-1 << "Server: Webmachine-Ruby/1.5.0 Rack/1.3[\r][\n]"
11:08:58.209 [Test worker] DEBUG org.apache.http.wire - http-outgoing-1 << "Status: 200 OK[\r][\n]"
11:08:58.209 [Test worker] DEBUG org.apache.http.wire - http-outgoing-1 << "Vary: Accept[\r][\n]"
11:08:58.209 [Test worker] DEBUG org.apache.http.wire - http-outgoing-1 << "X-Content-Type-Options: nosniff[\r][\n]"
11:08:58.209 [Test worker] DEBUG org.apache.http.wire - http-outgoing-1 << "X-Pact-Broker-Version: 2.47.1[\r][\n]"
11:08:58.209 [Test worker] DEBUG org.apache.http.wire - http-outgoing-1 << "X-Powered-By: Phusion Passenger 6.0.4[\r][\n]"
11:08:58.211 [Test worker] DEBUG org.apache.http.wire - http-outgoing-1 << "Content-Length: 2983[\r][\n]"
11:08:58.211 [Test worker] DEBUG org.apache.http.wire - http-outgoing-1 << "Connection: keep-alive[\r][\n]"
11:08:58.211 [Test worker] DEBUG org.apache.http.wire - http-outgoing-1 << "[\r][\n]"
11:08:58.211 [Test worker] DEBUG org.apache.http.wire - http-outgoing-1 << "{"_links":{"self":{"href":"http://pact-broker.mangodev.net","title":"Index","templated":false},"pb:publish-pact":{"href":"http://pact-broker.mangodev.net/pacts/provider/{provider}/consumer/{consumer}/version/{consumerApplicationVersion}","title":"Publish a pact","templated":true},"pb:latest-pact-versions":{"href":"http://pact-broker.mangodev.net/pacts/latest","title":"Latest pact versions","templated":false},"pb:tagged-pact-versions":{"href":"http://pact-broker.mangodev.net/pacts/provider/{provider}/consumer/{consumer}/tag/{tag}","title":"All versions of a pact for a given consumer, provider and consumer version tag","templated":false},"pb:pacticipants":{"href":"http://pact-broker.mangodev.net/pacticipants","title":"Pacticipants","templated":false},"pb:pacticipant":{"href":"http://pact-broker.mangodev.net/pacticipants/{pacticipant}","title":"Fetch pacticipant by name","templated":true},"pb:latest-provider-pacts":{"href":"http://pact-broker.mangodev.net/pacts/provider/{provider}/latest","title":"Latest pacts by provider","templated":true},"pb:latest-provider-pacts-with-tag":{"href":"http://pact-broker.mangodev.net/pacts/provider/{provider}/latest/{tag}","title":"Latest pacts for provider with the specified tag","templated":true},"pb:provider-pacts-with-tag":{"href":"http://pact-broker.mangodev.net/pacts/provider/{provider}/tag/{tag}","title":"All pact versions for the provider with the specified consumer version tag","templated":true},"pb:provider-pacts":{"href":"http://pact-broker.mangodev.net/pacts/provider/{provider}","title":"All pact versions for the specified provider","templated":true},"pb:latest-version":{"href":"http://pact-broker.mangodev.net/pacticipants/{pacticipant}/latest-version","title":"Latest pacticipant version","templated":true},"pb:latest-tagged-version":{"href":"http://pact-broker.mangodev.net/pacticipants/{pacticipant}/latest-version/{tag}","title":"Latest pacticipant version with the specified tag","templated":true},"pb:webhooks":{"href":"http://pact-broker.mangodev.net/webhooks","title":"Webhooks","templated":false},"pb:integrations":{"href":"http://pact-broker.mangodev.net/integrations","title":"Integrations","templated":false},"pb:pacticipant-version-tag":{"href":"http://pact-broker.mangodev.net/pacticipants/{pacticipant}/versions/{version}/tags/{tag}","title":"Get, create or delete a tag for a pacticipant version","templated":true},"pb:metrics":{"href":"http://pact-broker.mangodev.net/metrics","title":"Get Pact Broker metrics"},"pb:can-i-deploy-pacticipant-version-to-tag":{"href":"http://pact-broker.mangodev.net/can-i-deploy?pacticipant={pacticipant}&version={version}&to={tag}","title":"Determine if an application can be safely deployed to an environment identified by the given tag","templated":true},"curies":[{"name":"pb","href":"http://pact-broker.mangodev.net/doc/{rel}?context=index","templated":true},{"name":"beta","href":"http://pact-broker.mangodev.net/doc/{rel}?context=index","templated":true}]}}"
11:08:58.211 [Test worker] DEBUG org.apache.http.headers - http-outgoing-1 << HTTP/1.1 200 OK
11:08:58.211 [Test worker] DEBUG org.apache.http.headers - http-outgoing-1 << Content-Type: application/hal+json;charset=utf-8
11:08:58.211 [Test worker] DEBUG org.apache.http.headers - http-outgoing-1 << Date: Fri, 04 Mar 2022 10:08:58 GMT
11:08:58.211 [Test worker] DEBUG org.apache.http.headers - http-outgoing-1 << Server: Webmachine-Ruby/1.5.0 Rack/1.3
11:08:58.211 [Test worker] DEBUG org.apache.http.headers - http-outgoing-1 << Status: 200 OK
11:08:58.211 [Test worker] DEBUG org.apache.http.headers - http-outgoing-1 << Vary: Accept
11:08:58.211 [Test worker] DEBUG org.apache.http.headers - http-outgoing-1 << X-Content-Type-Options: nosniff
11:08:58.211 [Test worker] DEBUG org.apache.http.headers - http-outgoing-1 << X-Pact-Broker-Version: 2.47.1
11:08:58.211 [Test worker] DEBUG org.apache.http.headers - http-outgoing-1 << X-Powered-By: Phusion Passenger 6.0.4
11:08:58.211 [Test worker] DEBUG org.apache.http.headers - http-outgoing-1 << Content-Length: 2983
11:08:58.211 [Test worker] DEBUG org.apache.http.headers - http-outgoing-1 << Connection: keep-alive
11:08:58.212 [Test worker] DEBUG org.apache.http.impl.execchain.MainClientExec - Connection can be kept alive indefinitely
11:08:58.212 [Test worker] DEBUG org.apache.http.impl.conn.PoolingHttpClientConnectionManager - Connection [id: 1][route: {}->http://pact-broker.mangodev.net:80] can be kept alive indefinitely
11:08:58.212 [Test worker] DEBUG org.apache.http.impl.conn.DefaultManagedHttpClientConnection - http-outgoing-1: set socket timeout to 0
11:08:58.212 [Test worker] DEBUG org.apache.http.impl.conn.PoolingHttpClientConnectionManager - Connection released: [id: 1][route: {}->http://pact-broker.mangodev.net:80][total available: 1; route allocated: 1 of 5; total allocated: 1 of 10]
11:08:58.227 [Test worker] DEBUG au.com.dius.pact.core.pactbroker.HalClient - Fetching: http://pact-broker.mangodev.net/pacts/provider/api-prods/latest
11:08:58.227 [Test worker] DEBUG org.apache.http.client.protocol.RequestAddCookies - CookieSpec selected: default
11:08:58.227 [Test worker] DEBUG org.apache.http.client.protocol.RequestAuthCache - Auth cache not set in the context
11:08:58.227 [Test worker] DEBUG org.apache.http.impl.conn.PoolingHttpClientConnectionManager - Connection request: [route: {}->http://pact-broker.mangodev.net:80][total available: 1; route allocated: 1 of 5; total allocated: 1 of 10]
11:08:58.228 [Test worker] DEBUG org.apache.http.impl.conn.PoolingHttpClientConnectionManager - Connection leased: [id: 1][route: {}->http://pact-broker.mangodev.net:80][total available: 0; route allocated: 1 of 5; total allocated: 1 of 10]
11:08:58.228 [Test worker] DEBUG org.apache.http.impl.conn.DefaultManagedHttpClientConnection - http-outgoing-1: set socket timeout to 0
11:08:58.228 [Test worker] DEBUG org.apache.http.impl.execchain.MainClientExec - Executing request GET /pacts/provider/api-prods/latest HTTP/1.1
11:08:58.228 [Test worker] DEBUG org.apache.http.impl.execchain.MainClientExec - Target auth state: UNCHALLENGED
11:08:58.228 [Test worker] DEBUG org.apache.http.impl.execchain.MainClientExec - Proxy auth state: UNCHALLENGED
11:08:58.228 [Test worker] DEBUG org.apache.http.headers - http-outgoing-1 >> GET /pacts/provider/api-prods/latest HTTP/1.1
11:08:58.228 [Test worker] DEBUG org.apache.http.headers - http-outgoing-1 >> Content-Type: application/json
11:08:58.228 [Test worker] DEBUG org.apache.http.headers - http-outgoing-1 >> Accept: application/hal+json, application/json
11:08:58.228 [Test worker] DEBUG org.apache.http.headers - http-outgoing-1 >> Host: pact-broker.mangodev.net
11:08:58.228 [Test worker] DEBUG org.apache.http.headers - http-outgoing-1 >> Connection: Keep-Alive
11:08:58.228 [Test worker] DEBUG org.apache.http.headers - http-outgoing-1 >> User-Agent: Apache-HttpClient/4.5.12 (Java/1.8.0_171)
11:08:58.228 [Test worker] DEBUG org.apache.http.headers - http-outgoing-1 >> Accept-Encoding: gzip,deflate
11:08:58.228 [Test worker] DEBUG org.apache.http.wire - http-outgoing-1 >> "GET /pacts/provider/api-prods/latest HTTP/1.1[\r][\n]"
11:08:58.228 [Test worker] DEBUG org.apache.http.wire - http-outgoing-1 >> "Content-Type: application/json[\r][\n]"
11:08:58.228 [Test worker] DEBUG org.apache.http.wire - http-outgoing-1 >> "Accept: application/hal+json, application/json[\r][\n]"
11:08:58.228 [Test worker] DEBUG org.apache.http.wire - http-outgoing-1 >> "Host: pact-broker.mangodev.net[\r][\n]"
11:08:58.229 [Test worker] DEBUG org.apache.http.wire - http-outgoing-1 >> "Connection: Keep-Alive[\r][\n]"
11:08:58.229 [Test worker] DEBUG org.apache.http.wire - http-outgoing-1 >> "User-Agent: Apache-HttpClient/4.5.12 (Java/1.8.0_171)[\r][\n]"
11:08:58.229 [Test worker] DEBUG org.apache.http.wire - http-outgoing-1 >> "Accept-Encoding: gzip,deflate[\r][\n]"
11:08:58.229 [Test worker] DEBUG org.apache.http.wire - http-outgoing-1 >> "[\r][\n]"
11:08:58.304 [Test worker] DEBUG org.apache.http.wire - http-outgoing-1 << "HTTP/1.1 200 OK[\r][\n]"
11:08:58.304 [Test worker] DEBUG org.apache.http.wire - http-outgoing-1 << "Content-Type: application/hal+json;charset=utf-8[\r][\n]"
11:08:58.304 [Test worker] DEBUG org.apache.http.wire - http-outgoing-1 << "Date: Fri, 04 Mar 2022 10:08:58 GMT[\r][\n]"
11:08:58.304 [Test worker] DEBUG org.apache.http.wire - http-outgoing-1 << "Server: Webmachine-Ruby/1.5.0 Rack/1.3[\r][\n]"
11:08:58.304 [Test worker] DEBUG org.apache.http.wire - http-outgoing-1 << "Status: 200 OK[\r][\n]"
11:08:58.304 [Test worker] DEBUG org.apache.http.wire - http-outgoing-1 << "Vary: Accept[\r][\n]"
11:08:58.305 [Test worker] DEBUG org.apache.http.wire - http-outgoing-1 << "X-Content-Type-Options: nosniff[\r][\n]"
11:08:58.305 [Test worker] DEBUG org.apache.http.wire - http-outgoing-1 << "X-Pact-Broker-Version: 2.47.1[\r][\n]"
11:08:58.305 [Test worker] DEBUG org.apache.http.wire - http-outgoing-1 << "X-Powered-By: Phusion Passenger 6.0.4[\r][\n]"
11:08:58.305 [Test worker] DEBUG org.apache.http.wire - http-outgoing-1 << "Content-Length: 916[\r][\n]"
11:08:58.305 [Test worker] DEBUG org.apache.http.wire - http-outgoing-1 << "Connection: keep-alive[\r][\n]"
11:08:58.305 [Test worker] DEBUG org.apache.http.wire - http-outgoing-1 << "[\r][\n]"
11:08:58.305 [Test worker] DEBUG org.apache.http.wire - http-outgoing-1 << "{"_links":{"self":{"href":"http://pact-broker.mangodev.net/pacts/provider/api-prods/latest","title":"Latest pact versions for the provider api-prods"},"pb:provider":{"href":"http://pact-broker.mangodev.net/pacticipants/api-prods","name":"api-prods"},"pb:pacts":[{"href":"http://pact-broker.mangodev.net/pacts/provider/api-prods/consumer/consumer-api-prods/version/0.0.1-SNAPSHOT","title":"Pact between consumer-api-prods (0.0.1-SNAPSHOT) and api-prods","name":"consumer-api-prods"}],"provider":{"href":"http://pact-broker.mangodev.net/pacticipants/api-prods","title":"api-prods","name":"DEPRECATED - please use the pb:provider relation"},"pacts":[{"href":"http://pact-broker.mangodev.net/pacts/provider/api-prods/consumer/consumer-api-prods/version/0.0.1-SNAPSHOT","title":"DEPRECATED - please use the pb:pacts relation. Pact between consumer-api-prods (0.0.1-SNAPSHOT) and api-prods","name":"consumer-api-prods"}]}}"
11:08:58.305 [Test worker] DEBUG org.apache.http.headers - http-outgoing-1 << HTTP/1.1 200 OK
11:08:58.305 [Test worker] DEBUG org.apache.http.headers - http-outgoing-1 << Content-Type: application/hal+json;charset=utf-8
11:08:58.305 [Test worker] DEBUG org.apache.http.headers - http-outgoing-1 << Date: Fri, 04 Mar 2022 10:08:58 GMT
11:08:58.305 [Test worker] DEBUG org.apache.http.headers - http-outgoing-1 << Server: Webmachine-Ruby/1.5.0 Rack/1.3
11:08:58.305 [Test worker] DEBUG org.apache.http.headers - http-outgoing-1 << Status: 200 OK
11:08:58.305 [Test worker] DEBUG org.apache.http.headers - http-outgoing-1 << Vary: Accept
11:08:58.305 [Test worker] DEBUG org.apache.http.headers - http-outgoing-1 << X-Content-Type-Options: nosniff
11:08:58.305 [Test worker] DEBUG org.apache.http.headers - http-outgoing-1 << X-Pact-Broker-Version: 2.47.1
11:08:58.305 [Test worker] DEBUG org.apache.http.headers - http-outgoing-1 << X-Powered-By: Phusion Passenger 6.0.4
11:08:58.305 [Test worker] DEBUG org.apache.http.headers - http-outgoing-1 << Content-Length: 916
11:08:58.305 [Test worker] DEBUG org.apache.http.headers - http-outgoing-1 << Connection: keep-alive
11:08:58.305 [Test worker] DEBUG org.apache.http.impl.execchain.MainClientExec - Connection can be kept alive indefinitely
11:08:58.306 [Test worker] DEBUG org.apache.http.impl.conn.PoolingHttpClientConnectionManager - Connection [id: 1][route: {}->http://pact-broker.mangodev.net:80] can be kept alive indefinitely
11:08:58.306 [Test worker] DEBUG org.apache.http.impl.conn.DefaultManagedHttpClientConnection - http-outgoing-1: set socket timeout to 0
11:08:58.306 [Test worker] DEBUG org.apache.http.impl.conn.PoolingHttpClientConnectionManager - Connection released: [id: 1][route: {}->http://pact-broker.mangodev.net:80][total available: 1; route allocated: 1 of 5; total allocated: 1 of 10]
11:08:58.317 [Test worker] DEBUG au.com.dius.pact.core.pactbroker.HalClient - Fetching: http://pact-broker.mangodev.net/pacts/provider/api-prods/consumer/consumer-api-prods/version/0.0.1-SNAPSHOT
11:08:58.318 [Test worker] DEBUG org.apache.http.client.protocol.RequestAddCookies - CookieSpec selected: default
11:08:58.318 [Test worker] DEBUG org.apache.http.client.protocol.RequestAuthCache - Auth cache not set in the context
11:08:58.318 [Test worker] DEBUG org.apache.http.impl.conn.PoolingHttpClientConnectionManager - Connection request: [route: {}->http://pact-broker.mangodev.net:80][total available: 0; route allocated: 0 of 5; total allocated: 0 of 10]
11:08:58.318 [Test worker] DEBUG org.apache.http.impl.conn.PoolingHttpClientConnectionManager - Connection leased: [id: 2][route: {}->http://pact-broker.mangodev.net:80][total available: 0; route allocated: 1 of 5; total allocated: 1 of 10]
11:08:58.318 [Test worker] DEBUG org.apache.http.impl.execchain.MainClientExec - Opening connection {}->http://pact-broker.mangodev.net:80
11:08:58.318 [Test worker] DEBUG org.apache.http.impl.conn.DefaultHttpClientConnectionOperator - Connecting to pact-broker.mangodev.net/52.212.94.60:80
11:08:58.368 [Test worker] DEBUG org.apache.http.impl.conn.DefaultHttpClientConnectionOperator - Connection established 172.28.8.85:26320<->52.212.94.60:80
11:08:58.369 [Test worker] DEBUG org.apache.http.impl.execchain.MainClientExec - Executing request GET /pacts/provider/api-prods/consumer/consumer-api-prods/version/0.0.1-SNAPSHOT HTTP/1.1
11:08:58.369 [Test worker] DEBUG org.apache.http.impl.execchain.MainClientExec - Target auth state: UNCHALLENGED
11:08:58.369 [Test worker] DEBUG org.apache.http.impl.execchain.MainClientExec - Proxy auth state: UNCHALLENGED
11:08:58.369 [Test worker] DEBUG org.apache.http.headers - http-outgoing-2 >> GET /pacts/provider/api-prods/consumer/consumer-api-prods/version/0.0.1-SNAPSHOT HTTP/1.1
11:08:58.369 [Test worker] DEBUG org.apache.http.headers - http-outgoing-2 >> Content-Type: application/json
11:08:58.369 [Test worker] DEBUG org.apache.http.headers - http-outgoing-2 >> Accept: application/hal+json, application/json
11:08:58.369 [Test worker] DEBUG org.apache.http.headers - http-outgoing-2 >> Host: pact-broker.mangodev.net
11:08:58.369 [Test worker] DEBUG org.apache.http.headers - http-outgoing-2 >> Connection: Keep-Alive
11:08:58.369 [Test worker] DEBUG org.apache.http.headers - http-outgoing-2 >> User-Agent: Apache-HttpClient/4.5.12 (Java/1.8.0_171)
11:08:58.369 [Test worker] DEBUG org.apache.http.headers - http-outgoing-2 >> Accept-Encoding: gzip,deflate
11:08:58.369 [Test worker] DEBUG org.apache.http.wire - http-outgoing-2 >> "GET /pacts/provider/api-prods/consumer/consumer-api-prods/version/0.0.1-SNAPSHOT HTTP/1.1[\r][\n]"
11:08:58.369 [Test worker] DEBUG org.apache.http.wire - http-outgoing-2 >> "Content-Type: application/json[\r][\n]"
11:08:58.369 [Test worker] DEBUG org.apache.http.wire - http-outgoing-2 >> "Accept: application/hal+json, application/json[\r][\n]"
11:08:58.369 [Test worker] DEBUG org.apache.http.wire - http-outgoing-2 >> "Host: pact-broker.mangodev.net[\r][\n]"
11:08:58.369 [Test worker] DEBUG org.apache.http.wire - http-outgoing-2 >> "Connection: Keep-Alive[\r][\n]"
11:08:58.369 [Test worker] DEBUG org.apache.http.wire - http-outgoing-2 >> "User-Agent: Apache-HttpClient/4.5.12 (Java/1.8.0_171)[\r][\n]"
11:08:58.369 [Test worker] DEBUG org.apache.http.wire - http-outgoing-2 >> "Accept-Encoding: gzip,deflate[\r][\n]"
11:08:58.369 [Test worker] DEBUG org.apache.http.wire - http-outgoing-2 >> "[\r][\n]"
11:08:58.436 [Test worker] DEBUG org.apache.http.wire - http-outgoing-2 << "HTTP/1.1 200 OK[\r][\n]"
11:08:58.436 [Test worker] DEBUG org.apache.http.wire - http-outgoing-2 << "Content-Type: application/hal+json;charset=utf-8[\r][\n]"
11:08:58.436 [Test worker] DEBUG org.apache.http.wire - http-outgoing-2 << "Date: Fri, 04 Mar 2022 10:08:58 GMT[\r][\n]"
11:08:58.436 [Test worker] DEBUG org.apache.http.wire - http-outgoing-2 << "Server: Webmachine-Ruby/1.5.0 Rack/1.3[\r][\n]"
11:08:58.436 [Test worker] DEBUG org.apache.http.wire - http-outgoing-2 << "Status: 200 OK[\r][\n]"
11:08:58.436 [Test worker] DEBUG org.apache.http.wire - http-outgoing-2 << "Vary: Accept[\r][\n]"
11:08:58.436 [Test worker] DEBUG org.apache.http.wire - http-outgoing-2 << "X-Content-Type-Options: nosniff[\r][\n]"
11:08:58.436 [Test worker] DEBUG org.apache.http.wire - http-outgoing-2 << "X-Pact-Broker-Version: 2.47.1[\r][\n]"
11:08:58.436 [Test worker] DEBUG org.apache.http.wire - http-outgoing-2 << "X-Powered-By: Phusion Passenger 6.0.4[\r][\n]"
11:08:58.436 [Test worker] DEBUG org.apache.http.wire - http-outgoing-2 << "Content-Length: 5192[\r][\n]"
11:08:58.436 [Test worker] DEBUG org.apache.http.wire - http-outgoing-2 << "Connection: keep-alive[\r][\n]"
11:08:58.436 [Test worker] DEBUG org.apache.http.wire - http-outgoing-2 << "[\r][\n]"
11:08:58.437 [Test worker] DEBUG org.apache.http.wire - http-outgoing-2 << "{"provider":{"name":"api-prods"},"consumer":{"name":"consumer-api-prods"},"interactions":[{"_id":"1d06f2db3736657e48bf7ae5e7af6ba317f3b885","description":"get product with ID 17044002","request":{"method":"GET","path":"/products/17044002","query":{"countryId":["001"],"languageId":["ES"],"channelId":["shop"]}},"response":{"status":200,"headers":{"Content-Type":"application/json; charset=utf-8"},"body":{"gender":"M","name":"Floral print bikini","id":"17044002","families":[{"name":"Abrigos","id":325},{"name":"Chaquetas","id":335}],"brand":"MANGO"},"matchingRules":{"body":{"$.id":{"matchers":[{"match":"type"}],"combine":"AND"},"$.name":{"matchers":[{"match":"type"}],"combine":"AND"},"$.gender":{"matchers":[{"match":"type"}],"combine":"AND"},"$.brand":{"matchers":[{"match":"type"}],"combine":"AND"},"$.families[0].id":{"matchers":[{"match":"number"}],"combine":"AND"},"$.families[0].name":{"matchers":[{"match":"type"}],"combine":"AND"},"$.families[1].id":{"matchers":[{"match":"number"}],"combine":"AND"},"$.families[1].name":{"matchers":[{"match":"type"}],"combine":"AND"}}}},"providerStates":[{"name":"Product with ID 17044002 exists"}]},{"_id":"1c865b31e21f315b2e92ceea2c62bf1eac16c09d","description":"get product with ID 99044002","request":{"method":"GET","path":"/products/99044002","query":{"countryId":["001"],"languageId":["ES"],"channelId":["shop"]}},"response":{"status":404},"providerStates":[{"name":"Product with ID 99044002 doesn't exists"}]}],"metadata":{"pactSpecification":{"version":"3.0.0"},"pact-jvm":{"version":"4.1.7"}},"createdAt":"2022-01-27T10:17:56+00:00","_links":{"self":{"title":"Pact","name":"Pact between consumer-api-prods (0.0.1-SNAPSHOT) and api-prods","href":"http://pact-broker.mangodev.net/pacts/provider/api-prods/consumer/consumer-api-prods/version/0.0.1-SNAPSHOT"},"pb:consumer":{"title":"Consumer","name":"consumer-api-prods","href":"http://pact-broker.mangodev.net/pacticipants/consumer-api-prods"},"pb:consumer-version":{"title":"Consumer version","name":"0.0.1-SNAPSHOT","href":"http://pact-broker.mangodev.net/pacticipants/consumer-api-prods/versions/0.0.1-SNAPSHOT"},"pb:provider":{"title":"Provider","name":"api-prods","href":"http://pact-broker.mangodev.net/pacticipants/api-prods"},"pb:latest-pact-version":{"title":"Latest version of this pact","href":"http://pact-broker.mangodev.net/pacts/provider/api-prods/consumer/consumer-api-prods/latest"},"pb:all-pact-versions":{"title":"All versions of this pact","href":"http://pact-broker.mangodev.net/pacts/provider/api-prods/consumer/consumer-api-prods/versions"},"pb:latest-untagged-pact-version":{"title":"Latest untagged version of this pact","href":"http://pact-broker.mangodev.net/pacts/provider/api-prods/consumer/consumer-api-prods/latest-untagged"},"pb:latest-tagged-pact-version":{"title":"Latest tagged version of this pact","href":"http://pact-broker.mangodev.net/pacts/provider/api-prods/consumer/consumer-api-prods/latest/{tag}","templated":true},"pb:previous-distinct":{"title":"Previous distinct version of this pact","href":"http://pact-broker.mangodev.net/pacts/provider/api-prods/consumer/consumer-api-prods/version/0.0.1-SNAPSHOT/previous-distinct"},"pb:diff-previous-distinct":{"title":"Diff with previous distinct version of this pact","href":"http://pact-broker.mangodev.net/pacts/provider/api-prods/consumer/consumer-api-prods/version/0.0.1-SNAPSHOT/diff/previous-distinct"},"pb:diff":{"title":"Diff with another specified version of this pact","href":"http://pact-broker.mangodev.net/pacts/provider/api-prods/consumer/consumer-api-prods/pact-version/c5ba5cd9b889682912589ccf3fca8bca2fd8f8b0/diff/pact-version/{pactVersion}","templated":true},"pb:pact-webhooks":{"title":"Webhooks for the pact between consumer-api-prods and api-prods","href":"http://pact-broker.mangodev.net/webhooks/provider/api-prods/consumer/consumer-api-prods"},"pb:consumer-webhooks":{"title":"Webhooks for all pacts with provider api-prods","href":"http://pact-broker.mangodev.net/webhooks/consumer/api-prods"},"pb:tag-prod-version":{"title":"PUT to this resource to tag this consumer version as 'production'","href":"http://pact-broker.mangodev.net/pacticipants/consumer-api-prods/versions/0.0.1-SNAPSHOT/tags/prod"},"pb:tag-version":{"title":"PUT to this resource to tag this consumer version","href":"http://pact-broker.mangodev.net/pacticipants/consumer-api-prods/versions/0.0.1-SNAPSHOT/tags/{tag}"},"pb:publish-verification-results":{"title":"Publish verification results","href":"http://pact-broker.mangodev.net/pacts/provider/api-prods/consumer/consumer-api-prods/pact-version/c5ba5cd9b889682912589ccf3fca8bca2fd8f8b0/verification-results"},"pb:latest-verification-results":{"href":"http://pact-broker.mangodev.net/pacts/provider/api-prods/consumer/consumer-api-prods/pact-version/c5ba5cd9b889682912589ccf3fca8bca2fd8f8b0/verification-results/latest"},"pb:triggered-webhooks":{"title":"Webhooks triggered by the publication of this pact","href":"http://pact-broker.mangodev.net/pacts/provider/api-prods/consumer/consumer-api-prods/version/0.0.1-SNAPSHOT/triggered-webhooks"},"curies":[{"name":"pb","href":"http://pact-broker.mangodev.net/doc/{rel}?context=pact","templated":true}]}}"
11:08:58.437 [Test worker] DEBUG org.apache.http.headers - http-outgoing-2 << HTTP/1.1 200 OK
11:08:58.437 [Test worker] DEBUG org.apache.http.headers - http-outgoing-2 << Content-Type: application/hal+json;charset=utf-8
11:08:58.437 [Test worker] DEBUG org.apache.http.headers - http-outgoing-2 << Date: Fri, 04 Mar 2022 10:08:58 GMT
11:08:58.437 [Test worker] DEBUG org.apache.http.headers - http-outgoing-2 << Server: Webmachine-Ruby/1.5.0 Rack/1.3
11:08:58.437 [Test worker] DEBUG org.apache.http.headers - http-outgoing-2 << Status: 200 OK
11:08:58.437 [Test worker] DEBUG org.apache.http.headers - http-outgoing-2 << Vary: Accept
11:08:58.438 [Test worker] DEBUG org.apache.http.headers - http-outgoing-2 << X-Content-Type-Options: nosniff
11:08:58.438 [Test worker] DEBUG org.apache.http.headers - http-outgoing-2 << X-Pact-Broker-Version: 2.47.1
11:08:58.438 [Test worker] DEBUG org.apache.http.headers - http-outgoing-2 << X-Powered-By: Phusion Passenger 6.0.4
11:08:58.438 [Test worker] DEBUG org.apache.http.headers - http-outgoing-2 << Content-Length: 5192
11:08:58.438 [Test worker] DEBUG org.apache.http.headers - http-outgoing-2 << Connection: keep-alive
11:08:58.438 [Test worker] DEBUG org.apache.http.impl.execchain.MainClientExec - Connection can be kept alive indefinitely
11:08:58.438 [Test worker] DEBUG org.apache.http.impl.conn.PoolingHttpClientConnectionManager - Connection [id: 2][route: {}->http://pact-broker.mangodev.net:80] can be kept alive indefinitely
11:08:58.438 [Test worker] DEBUG org.apache.http.impl.conn.DefaultManagedHttpClientConnection - http-outgoing-2: set socket timeout to 0
11:08:58.438 [Test worker] DEBUG org.apache.http.impl.conn.PoolingHttpClientConnectionManager - Connection released: [id: 2][route: {}->http://pact-broker.mangodev.net:80][total available: 1; route allocated: 1 of 5; total allocated: 1 of 10]
11:08:58.442 [Test worker] DEBUG org.apache.http.impl.conn.PoolingHttpClientConnectionManager - Connection manager is shutting down
11:08:58.443 [Test worker] DEBUG org.apache.http.impl.conn.PoolingHttpClientConnectionManager - Connection manager shut down
11:08:58.701 [Finalizer] DEBUG org.apache.http.impl.conn.PoolingHttpClientConnectionManager - Connection manager is shutting down
11:08:58.701 [Finalizer] DEBUG org.apache.http.impl.conn.DefaultManagedHttpClientConnection - http-outgoing-2: Close connection
11:08:58.702 [Finalizer] DEBUG org.apache.http.impl.conn.PoolingHttpClientConnectionManager - Connection manager shut down
11:08:58.702 [Finalizer] DEBUG org.apache.http.impl.conn.PoolingHttpClientConnectionManager - Connection manager is shutting down
11:08:58.702 [Finalizer] DEBUG org.apache.http.impl.conn.DefaultManagedHttpClientConnection - http-outgoing-1: Close connection
11:08:58.703 [Finalizer] DEBUG org.apache.http.impl.conn.PoolingHttpClientConnectionManager - Connection manager shut down
11:08:58.703 [Finalizer] DEBUG org.apache.http.impl.conn.PoolingHttpClientConnectionManager - Connection manager is shutting down
11:08:58.703 [Finalizer] DEBUG org.apache.http.impl.conn.DefaultManagedHttpClientConnection - http-outgoing-0: Close connection
11:08:58.703 [Finalizer] DEBUG org.apache.http.impl.conn.PoolingHttpClientConnectionManager - Connection manager shut down
11:08:58.728 [Test worker] DEBUG org.springframework.test.context.support.DependencyInjectionTestExecutionListener - Performing dependency injection for test context [[DefaultTestContext@b101695 testClass = ProductPactProviderTest, testInstance = au.com.dius.pactworkshop.provider.ProductPactProviderTest@aa77586, testMethod = [null], testException = [null], mergedContextConfiguration = [WebMergedContextConfiguration@1bff4a73 testClass = ProductPactProviderTest, locations = '{}', classes = '{class au.com.dius.pactworkshop.provider.ProviderApplication}', contextInitializerClasses = '[]', activeProfiles = '{}', propertySourceLocations = '{}', propertySourceProperties = '{org.springframework.boot.test.context.SpringBootTestContextBootstrapper=true, server.port=0}', contextCustomizers = set[org.springframework.boot.test.autoconfigure.properties.PropertyMappingContextCustomizer@0, org.springframework.boot.test.autoconfigure.web.servlet.WebDriverContextCustomizerFactory$Customizer@7f444b83, org.springframework.boot.test.context.filter.ExcludeFilterContextCustomizer@38f76b2f, org.springframework.boot.test.json.DuplicateJsonObjectContextCustomizerFactory$DuplicateJsonObjectContextCustomizer@5f5f4421, org.springframework.boot.test.mock.mockito.MockitoContextCustomizer@0, org.springframework.boot.test.web.client.TestRestTemplateContextCustomizer@3d9bdf98, org.springframework.boot.test.context.SpringBootTestArgs@1], resourceBasePath = 'src/main/webapp', contextLoader = 'org.springframework.boot.test.context.SpringBootContextLoader', parent = [null]], attributes = map['org.springframework.test.context.web.ServletTestExecutionListener.activateListener' -> false]]].
11:08:58.757 [Test worker] DEBUG org.springframework.test.context.support.TestPropertySourceUtils - Adding inlined properties to environment: {spring.jmx.enabled=false, org.springframework.boot.test.context.SpringBootTestContextBootstrapper=true, server.port=0}

  .   ____          _            __ _ _
 /\\ / ___'_ __ _ _(_)_ __  __ _ \ \ \ \
( ( )\___ | '_ | '_| | '_ \/ _` | \ \ \ \
 \\/  ___)| |_)| | | | | || (_| |  ) ) ) )
  '  |____| .__|_| |_|_| |_\__, | / / / /
 =========|_|==============|___/=/_/_/_/
 :: Spring Boot ::        (v2.3.4.RELEASE)

2022-03-04 11:08:59.188  INFO 4588 --- [    Test worker] a.c.d.p.p.ProductPactProviderTest        : Starting ProductPactProviderTest on BCN-CLI-P156 with PID 4588 (started by jorge.muñoz in C:\Users\jorge.muñoz\git\mango-contract-test-example\provider)
2022-03-04 11:08:59.189  INFO 4588 --- [    Test worker] a.c.d.p.p.ProductPactProviderTest        : No active profile set, falling back to default profiles: default
2022-03-04 11:08:59.480  WARN 4588 --- [kground-preinit] o.s.h.c.j.Jackson2ObjectMapperBuilder    : For Jackson Kotlin classes support please add "com.fasterxml.jackson.module:jackson-module-kotlin" to the classpath
2022-03-04 11:09:01.311  INFO 4588 --- [    Test worker] o.s.b.w.embedded.tomcat.TomcatWebServer  : Tomcat initialized with port(s): 0 (http)
2022-03-04 11:09:01.335  INFO 4588 --- [    Test worker] o.apache.catalina.core.StandardService   : Starting service [Tomcat]
2022-03-04 11:09:01.335  INFO 4588 --- [    Test worker] org.apache.catalina.core.StandardEngine  : Starting Servlet engine: [Apache Tomcat/9.0.38]
2022-03-04 11:09:01.556  INFO 4588 --- [    Test worker] o.a.c.c.C.[Tomcat].[localhost].[/]       : Initializing Spring embedded WebApplicationContext
2022-03-04 11:09:01.557  INFO 4588 --- [    Test worker] w.s.c.ServletWebServerApplicationContext : Root WebApplicationContext: initialization completed in 1941 ms
2022-03-04 11:09:02.461  INFO 4588 --- [    Test worker] o.s.s.concurrent.ThreadPoolTaskExecutor  : Initializing ExecutorService 'applicationTaskExecutor'
2022-03-04 11:09:03.379  INFO 4588 --- [    Test worker] o.s.b.a.e.web.EndpointLinksResolver      : Exposing 14 endpoint(s) beneath base path '/actuator'
2022-03-04 11:09:03.549  INFO 4588 --- [    Test worker] o.s.b.w.embedded.tomcat.TomcatWebServer  : Tomcat started on port(s): 26330 (http) with context path ''
2022-03-04 11:09:03.576  INFO 4588 --- [    Test worker] a.c.d.p.p.ProductPactProviderTest        : Started ProductPactProviderTest in 4.814 seconds (JVM running for 10.002)

Verifying a pact between consumer-api-prods
  [from Pact Broker http://pact-broker.mangodev.net/pacts/provider/api-prods/consumer/consumer-api-prods/version/0.0.1-SNAPSHOT]
  Given Product with ID 17044002 exists
  get product with ID 17044002
2022-03-04 11:09:04.363  INFO 4588 --- [o-auto-1-exec-1] o.a.c.c.C.[Tomcat].[localhost].[/]       : Initializing Spring DispatcherServlet 'dispatcherServlet'
2022-03-04 11:09:04.364  INFO 4588 --- [o-auto-1-exec-1] o.s.web.servlet.DispatcherServlet        : Initializing Servlet 'dispatcherServlet'
2022-03-04 11:09:04.394  INFO 4588 --- [o-auto-1-exec-1] o.s.web.servlet.DispatcherServlet        : Completed initialization in 30 ms
INITIALIZING PRODUCTS...
Getting product 17044002
Product 17044002 obtained !!!
    returns a response which
      has status code 200 (OK)
      has a matching body (OK)
2022-03-04 11:09:04.689  WARN 4588 --- [    Test worker] a.c.d.p.p.DefaultTestResultAccumulator   : Not all of the 2 were verified. The following were missing:
2022-03-04 11:09:04.689  WARN 4588 --- [    Test worker] a.c.d.p.p.DefaultTestResultAccumulator   :     get product with ID 99044002

Verifying a pact between consumer-api-prods
  [from Pact Broker http://pact-broker.mangodev.net/pacts/provider/api-prods/consumer/consumer-api-prods/version/0.0.1-SNAPSHOT]
  Given Product with ID 99044002 doesn't exists
  get product with ID 99044002
INITIALIZING PRODUCTS...
Getting product 99044002
Product 99044002 not obtained
    returns a response which
      has status code 404 (OK)
      has a matching body (OK)
2022-03-04 11:09:04.721  WARN 4588 --- [    Test worker] a.c.d.p.p.DefaultTestResultAccumulator   : Skipping publishing of verification results as it has been disabled (pact.verifier.publishResults is not 'true')
]]></system-out>
  <system-err><![CDATA[]]></system-err>
</testsuite>
